INFO - 07/05/2024 01:22:26 PM - 0:00:00 - ============ Initialized logger ============
INFO - 07/05/2024 01:22:26 PM - 0:00:00 - activation: ReLU
                                          atom_messages: False
                                          batch_size: 1024
                                          bias: False
                                          checkpoint_dir: None
                                          checkpoint_path: None
                                          checkpoint_paths: None
                                          command: python pretrain.py --exp_name 'pre-train' --exp_id 1 --step pretrain --gpu 5 --exp_id "1"
                                          config_path: None
                                          crossval_index_dir: None
                                          crossval_index_file: None
                                          cuda: True
                                          data_path: ./data/zinc15_250K.csv
                                          dataset_type: regression
                                          depth: 3
                                          dropout: 0.0
                                          dropout1: 0.3
                                          dropout2: 0.3
                                          dump_path: dumped
                                          encoder_name: CMPNN
                                          ensemble_size: 1
                                          epochs: 50
                                          exp_id: 1
                                          exp_name: pre-train
                                          features_generator: None
                                          features_only: False
                                          features_path: None
                                          features_scaling: True
                                          ffn_hidden_size: 300
                                          ffn_num_layers: 2
                                          final_lr: 0.0001
                                          folds_file: None
                                          gpu: 5
                                          hidden_size: 300
                                          init_lr: 0.0001
                                          log_frequency: 10
                                          max_data_size: None
                                          max_lr: 0.001
                                          metric: rmse
                                          minimize_score: True
                                          multiclass_num_classes: 3
                                          no_cache: False
                                          num_lrs: 1
                                          num_runs: 1
                                          quiet: False
                                          save_dir: ./ckpt
                                          save_smiles_splits: False
                                          seed: 1
                                          separate_test_features_path: None
                                          separate_test_path: None
                                          separate_val_features_path: None
                                          separate_val_path: None
                                          show_individual_scores: False
                                          split_sizes: [0.8, 0.1, 0.1]
                                          split_type: random
                                          step: pretrain
                                          temperature: 0.1
                                          test: False
                                          test_fold_index: None
                                          undirected: False
                                          use_compound_names: False
                                          use_input_features: None
                                          val_fold_index: None
                                          warmup_epochs: 2.0
INFO - 07/05/2024 01:22:26 PM - 0:00:00 - ========================
                                          # Git Version: None #
                                          ========================
INFO - 07/05/2024 01:22:26 PM - 0:00:00 - The experiment will be stored in dumped/0705-pre-train/1
                                          
INFO - 07/05/2024 01:22:26 PM - 0:00:00 - Running command: python pretrain.py --exp_name 'pre-train' --exp_id 1 --step pretrain --gpu 5

DEBUG - 07/05/2024 01:22:26 PM - 0:00:00 - Loading data
DEBUG - 07/05/2024 01:22:54 PM - 0:00:29 - Total size = 250000
DEBUG - 07/05/2024 01:22:54 PM - 0:00:29 - Building model 0
DEBUG - 07/05/2024 01:22:54 PM - 0:00:29 - MoleculeModel(
                                             (encoder): CMPN(
                                               (encoder): CMPNEncoder(
                                                 (act_func): ReLU()
                                                 (W_i_atom): Linear(in_features=133, out_features=300, bias=False)
                                                 (W_i_bond): Linear(in_features=147, out_features=300, bias=False)
                                                 (W_h_atom): Linear(in_features=447, out_features=300, bias=False)
                                                 (W_h_0): Linear(in_features=300, out_features=300, bias=False)
                                                 (W_h_1): Linear(in_features=300, out_features=300, bias=False)
                                                 (W_o): Linear(in_features=600, out_features=300, bias=True)
                                                 (gru): BatchGRU(
                                                   (gru): GRU(300, 300, batch_first=True, bidirectional=True)
                                                 )
                                                 (mlp): Linear(in_features=900, out_features=300, bias=False)
                                               )
                                             )
                                             (ffn): Sequential(
                                               (0): Dropout(p=0.0, inplace=False)
                                               (1): Linear(in_features=300, out_features=150, bias=True)
                                               (2): ReLU()
                                               (3): Dropout(p=0.0, inplace=False)
                                               (4): Linear(in_features=150, out_features=300, bias=True)
                                             )
                                           )
DEBUG - 07/05/2024 01:22:54 PM - 0:00:29 - Number of M1 parameters = 2,022,750
DEBUG - 07/05/2024 01:22:54 PM - 0:00:29 - Moving model to cuda
INFO - 07/05/2024 01:22:57 PM - 0:00:00 - ============ Initialized logger ============
INFO - 07/05/2024 01:22:57 PM - 0:00:00 - activation: ReLU
                                          atom_messages: False
                                          batch_size: 1024
                                          bias: False
                                          checkpoint_dir: None
                                          checkpoint_path: None
                                          checkpoint_paths: None
                                          command: python pretrain.py --exp_name 'pre-train' --exp_id 1 --step pretrain --gpu 5 --exp_id "1"
                                          config_path: None
                                          crossval_index_dir: None
                                          crossval_index_file: None
                                          cuda: True
                                          data_path: ./data/zinc15_250K.csv
                                          data_size: 250000
                                          dataset_type: regression
                                          depth: 3
                                          dropout: 0.0
                                          dropout1: 0.3
                                          dropout2: 0.3
                                          dump_path: dumped
                                          encoder_name: CMPNN
                                          ensemble_size: 1
                                          epochs: 50
                                          exp_id: 1
                                          exp_name: pre-train
                                          features_generator: None
                                          features_only: False
                                          features_path: None
                                          features_scaling: True
                                          ffn_hidden_size: 150
                                          ffn_num_layers: 2
                                          final_lr: 0.0001
                                          folds_file: None
                                          gpu: 5
                                          hidden_size: 300
                                          init_lr: 0.0001
                                          log_frequency: 10
                                          max_data_size: None
                                          max_lr: 0.001
                                          metric: rmse
                                          minimize_score: True
                                          multiclass_num_classes: 3
                                          no_cache: False
                                          num_lrs: 1
                                          num_runs: 1
                                          output_size: 300
                                          quiet: False
                                          save_dir: dumped/0705-pre-train/1
                                          save_smiles_splits: False
                                          seed: 1
                                          separate_test_features_path: None
                                          separate_test_path: None
                                          separate_val_features_path: None
                                          separate_val_path: None
                                          show_individual_scores: False
                                          split_sizes: [0.8, 0.1, 0.1]
                                          split_type: random
                                          step: pretrain
                                          temperature: 0.1
                                          test: False
                                          test_fold_index: None
                                          undirected: False
                                          use_compound_names: False
                                          use_input_features: None
                                          val_fold_index: None
                                          warmup_epochs: 2.0
INFO - 07/05/2024 01:22:57 PM - 0:00:01 - ========================
                                          # Git Version: None #
                                          ========================
INFO - 07/05/2024 01:22:57 PM - 0:00:01 - The experiment will be stored in dumped/0705-pre-train/1
                                          
INFO - 07/05/2024 01:22:57 PM - 0:00:01 - Running command: python pretrain.py --exp_name 'pre-train' --exp_id 1 --step pretrain --gpu 5

DEBUG - 07/05/2024 01:22:57 PM - 0:00:01 - Epoch 0
INFO - 07/05/2024 02:14:12 PM - 0:51:16 - [0/50] train loss (mol) 106.3429, train loss (fgs) 153.4555
DEBUG - 07/05/2024 02:14:12 PM - 0:51:16 - Epoch 1
INFO - 07/05/2024 03:05:00 PM - 1:42:03 - [1/50] train loss (mol) 78.5414, train loss (fgs) 110.3210
DEBUG - 07/05/2024 03:05:00 PM - 1:42:03 - Epoch 2
INFO - 07/05/2024 04:01:12 PM - 2:38:15 - [2/50] train loss (mol) 70.9355, train loss (fgs) 102.8874
DEBUG - 07/05/2024 04:01:12 PM - 2:38:15 - Epoch 3
INFO - 07/05/2024 04:56:35 PM - 3:33:38 - [3/50] train loss (mol) 55.6052, train loss (fgs) 99.3958
DEBUG - 07/05/2024 04:56:35 PM - 3:33:38 - Epoch 4
INFO - 07/05/2024 05:48:25 PM - 4:25:29 - [4/50] train loss (mol) 46.6114, train loss (fgs) 90.9198
DEBUG - 07/05/2024 05:48:25 PM - 4:25:29 - Epoch 5
INFO - 07/05/2024 06:42:19 PM - 5:19:22 - [5/50] train loss (mol) 40.2676, train loss (fgs) 74.6743
DEBUG - 07/05/2024 06:42:19 PM - 5:19:22 - Epoch 6
INFO - 07/05/2024 07:40:56 PM - 6:17:59 - [6/50] train loss (mol) 31.3922, train loss (fgs) 80.5430
DEBUG - 07/05/2024 07:40:56 PM - 6:17:59 - Epoch 7
INFO - 07/05/2024 08:35:03 PM - 7:12:06 - [7/50] train loss (mol) 26.8550, train loss (fgs) 68.8485
DEBUG - 07/05/2024 08:35:03 PM - 7:12:06 - Epoch 8
INFO - 07/05/2024 09:28:19 PM - 8:05:23 - [8/50] train loss (mol) 31.2251, train loss (fgs) 70.3599
DEBUG - 07/05/2024 09:28:19 PM - 8:05:23 - Epoch 9
INFO - 07/05/2024 10:19:19 PM - 8:56:23 - [9/50] train loss (mol) 22.5573, train loss (fgs) 99.9816
DEBUG - 07/05/2024 10:19:19 PM - 8:56:23 - Epoch 10
INFO - 07/05/2024 11:09:10 PM - 9:46:13 - [10/50] train loss (mol) 20.4574, train loss (fgs) 81.7611
DEBUG - 07/05/2024 11:09:10 PM - 9:46:13 - Epoch 11
INFO - 07/05/2024 11:59:46 PM - 10:36:49 - [11/50] train loss (mol) 18.9056, train loss (fgs) 67.3483
DEBUG - 07/05/2024 11:59:46 PM - 10:36:49 - Epoch 12
INFO - 07/06/2024 12:51:00 AM - 11:28:03 - [12/50] train loss (mol) 16.9905, train loss (fgs) 74.9941
DEBUG - 07/06/2024 12:51:00 AM - 11:28:03 - Epoch 13
INFO - 07/06/2024 01:41:14 AM - 12:18:17 - [13/50] train loss (mol) 15.7225, train loss (fgs) 63.3699
DEBUG - 07/06/2024 01:41:14 AM - 12:18:17 - Epoch 14
INFO - 07/06/2024 02:31:47 AM - 13:08:50 - [14/50] train loss (mol) 14.6566, train loss (fgs) 64.0738
DEBUG - 07/06/2024 02:31:47 AM - 13:08:50 - Epoch 15
INFO - 07/06/2024 03:23:58 AM - 14:01:01 - [15/50] train loss (mol) 13.7378, train loss (fgs) 76.2554
DEBUG - 07/06/2024 03:23:58 AM - 14:01:01 - Epoch 16
INFO - 07/06/2024 04:14:44 AM - 14:51:47 - [16/50] train loss (mol) 13.1893, train loss (fgs) 66.2648
DEBUG - 07/06/2024 04:14:44 AM - 14:51:47 - Epoch 17
INFO - 07/06/2024 05:05:52 AM - 15:42:55 - [17/50] train loss (mol) 12.4710, train loss (fgs) 89.5329
DEBUG - 07/06/2024 05:05:52 AM - 15:42:55 - Epoch 18
INFO - 07/06/2024 05:57:05 AM - 16:34:09 - [18/50] train loss (mol) 11.8374, train loss (fgs) 61.6964
DEBUG - 07/06/2024 05:57:05 AM - 16:34:09 - Epoch 19
INFO - 07/06/2024 06:48:29 AM - 17:25:33 - [19/50] train loss (mol) 11.2332, train loss (fgs) 62.0095
DEBUG - 07/06/2024 06:48:29 AM - 17:25:33 - Epoch 20
INFO - 07/06/2024 07:38:58 AM - 18:16:01 - [20/50] train loss (mol) 10.6814, train loss (fgs) 56.3860
DEBUG - 07/06/2024 07:38:58 AM - 18:16:01 - Epoch 21
INFO - 07/06/2024 08:31:19 AM - 19:08:23 - [21/50] train loss (mol) 10.1614, train loss (fgs) 62.5671
DEBUG - 07/06/2024 08:31:19 AM - 19:08:23 - Epoch 22
INFO - 07/06/2024 09:23:03 AM - 20:00:06 - [22/50] train loss (mol) 9.6332, train loss (fgs) 54.6296
DEBUG - 07/06/2024 09:23:03 AM - 20:00:06 - Epoch 23
INFO - 07/06/2024 10:15:00 AM - 20:52:03 - [23/50] train loss (mol) 9.1624, train loss (fgs) 52.5230
DEBUG - 07/06/2024 10:15:00 AM - 20:52:03 - Epoch 24
INFO - 07/06/2024 11:11:48 AM - 21:48:51 - [24/50] train loss (mol) 8.8321, train loss (fgs) 51.2776
DEBUG - 07/06/2024 11:11:48 AM - 21:48:51 - Epoch 25
INFO - 07/06/2024 12:06:39 PM - 22:43:43 - [25/50] train loss (mol) 8.3974, train loss (fgs) 48.1479
DEBUG - 07/06/2024 12:06:39 PM - 22:43:43 - Epoch 26
INFO - 07/06/2024 01:00:22 PM - 23:37:25 - [26/50] train loss (mol) 9.4465, train loss (fgs) 54.2148
DEBUG - 07/06/2024 01:00:22 PM - 23:37:25 - Epoch 27
INFO - 07/06/2024 01:53:03 PM - 1 day, 0:30:06 - [27/50] train loss (mol) 9.1346, train loss (fgs) 56.5771
DEBUG - 07/06/2024 01:53:03 PM - 1 day, 0:30:06 - Epoch 28
INFO - 07/06/2024 02:44:00 PM - 1 day, 1:21:04 - [28/50] train loss (mol) 7.4977, train loss (fgs) 50.4955
DEBUG - 07/06/2024 02:44:00 PM - 1 day, 1:21:04 - Epoch 29
INFO - 07/06/2024 03:36:03 PM - 1 day, 2:13:06 - [29/50] train loss (mol) 7.1400, train loss (fgs) 57.3693
DEBUG - 07/06/2024 03:36:03 PM - 1 day, 2:13:06 - Epoch 30
INFO - 07/06/2024 04:27:29 PM - 1 day, 3:04:33 - [30/50] train loss (mol) 6.8684, train loss (fgs) 56.5915
DEBUG - 07/06/2024 04:27:29 PM - 1 day, 3:04:33 - Epoch 31
INFO - 07/06/2024 05:18:05 PM - 1 day, 3:55:08 - [31/50] train loss (mol) 6.7475, train loss (fgs) 57.4366
DEBUG - 07/06/2024 05:18:05 PM - 1 day, 3:55:08 - Epoch 32
INFO - 07/06/2024 06:09:17 PM - 1 day, 4:46:20 - [32/50] train loss (mol) 6.4883, train loss (fgs) 47.3546
DEBUG - 07/06/2024 06:09:17 PM - 1 day, 4:46:20 - Epoch 33
INFO - 07/06/2024 07:00:56 PM - 1 day, 5:38:00 - [33/50] train loss (mol) 6.2461, train loss (fgs) 44.9570
DEBUG - 07/06/2024 07:00:56 PM - 1 day, 5:38:00 - Epoch 34
INFO - 07/06/2024 07:51:44 PM - 1 day, 6:28:47 - [34/50] train loss (mol) 6.0686, train loss (fgs) 48.2434
DEBUG - 07/06/2024 07:51:44 PM - 1 day, 6:28:47 - Epoch 35
INFO - 07/06/2024 08:42:39 PM - 1 day, 7:19:43 - [35/50] train loss (mol) 5.8646, train loss (fgs) 46.0067
DEBUG - 07/06/2024 08:42:39 PM - 1 day, 7:19:43 - Epoch 36
INFO - 07/06/2024 09:34:05 PM - 1 day, 8:11:09 - [36/50] train loss (mol) 5.7524, train loss (fgs) 42.9222
DEBUG - 07/06/2024 09:34:05 PM - 1 day, 8:11:09 - Epoch 37
INFO - 07/06/2024 10:24:27 PM - 1 day, 9:01:30 - [37/50] train loss (mol) 5.5638, train loss (fgs) 50.6858
DEBUG - 07/06/2024 10:24:27 PM - 1 day, 9:01:30 - Epoch 38
INFO - 07/06/2024 11:17:55 PM - 1 day, 9:54:59 - [38/50] train loss (mol) 5.4771, train loss (fgs) 51.0130
DEBUG - 07/06/2024 11:17:55 PM - 1 day, 9:54:59 - Epoch 39
INFO - 07/07/2024 12:08:20 AM - 1 day, 10:45:24 - [39/50] train loss (mol) 5.3019, train loss (fgs) 47.3113
DEBUG - 07/07/2024 12:08:20 AM - 1 day, 10:45:24 - Epoch 40
INFO - 07/07/2024 01:00:08 AM - 1 day, 11:37:11 - [40/50] train loss (mol) 5.2339, train loss (fgs) 45.2595
DEBUG - 07/07/2024 01:00:08 AM - 1 day, 11:37:11 - Epoch 41
INFO - 07/07/2024 01:50:47 AM - 1 day, 12:27:50 - [41/50] train loss (mol) 5.0192, train loss (fgs) 44.7057
DEBUG - 07/07/2024 01:50:47 AM - 1 day, 12:27:50 - Epoch 42
INFO - 07/07/2024 02:43:05 AM - 1 day, 13:20:09 - [42/50] train loss (mol) 4.9326, train loss (fgs) 42.0031
DEBUG - 07/07/2024 02:43:05 AM - 1 day, 13:20:09 - Epoch 43
INFO - 07/07/2024 03:34:26 AM - 1 day, 14:11:30 - [43/50] train loss (mol) 4.8162, train loss (fgs) 51.2632
DEBUG - 07/07/2024 03:34:26 AM - 1 day, 14:11:30 - Epoch 44
INFO - 07/07/2024 04:25:37 AM - 1 day, 15:02:40 - [44/50] train loss (mol) 4.7188, train loss (fgs) 41.5001
DEBUG - 07/07/2024 04:25:37 AM - 1 day, 15:02:40 - Epoch 45
INFO - 07/07/2024 05:16:21 AM - 1 day, 15:53:25 - [45/50] train loss (mol) 4.6075, train loss (fgs) 44.2923
DEBUG - 07/07/2024 05:16:21 AM - 1 day, 15:53:25 - Epoch 46
INFO - 07/07/2024 06:07:09 AM - 1 day, 16:44:13 - [46/50] train loss (mol) 4.4902, train loss (fgs) 39.5666
DEBUG - 07/07/2024 06:07:09 AM - 1 day, 16:44:13 - Epoch 47
INFO - 07/07/2024 06:59:06 AM - 1 day, 17:36:09 - [47/50] train loss (mol) 4.4020, train loss (fgs) 39.8695
DEBUG - 07/07/2024 06:59:06 AM - 1 day, 17:36:09 - Epoch 48
INFO - 07/07/2024 07:51:27 AM - 1 day, 18:28:30 - [48/50] train loss (mol) 4.3447, train loss (fgs) 45.1973
DEBUG - 07/07/2024 07:51:27 AM - 1 day, 18:28:30 - Epoch 49
INFO - 07/07/2024 08:44:27 AM - 1 day, 19:21:30 - [49/50] train loss (mol) 4.2343, train loss (fgs) 44.2951
